2022-01-12 15:50:09,937 INFO com.example.demo.DemoApplication [main] Starting DemoApplication on DESKTOP-9D4CGQC with PID 29712 (C:\project\workspace\demo\target\classes started by sainn in C:\project\workspace\demo)
2022-01-12 15:50:09,941 DEBUG com.example.demo.DemoApplication [main] Running with Spring Boot v2.3.4.RELEASE, Spring v5.2.9.RELEASE
2022-01-12 15:50:09,941 INFO com.example.demo.DemoApplication [main] No active profile set, falling back to default profiles: default
2022-01-12 15:50:14,170 INFO com.example.demo.DemoApplication [main] Started DemoApplication in 4.559 seconds (JVM running for 5.214)
2022-01-12 15:50:33,528 INFO com.example.demo.controller.DemoController [http-nio-8091-exec-7] -----All Employies list------
2022-01-12 16:33:33,874 INFO com.example.demo.DemoApplication [main] Starting DemoApplication on DESKTOP-9D4CGQC with PID 3656 (C:\project\workspace\demo\target\classes started by sainn in C:\project\workspace\demo)
2022-01-12 16:33:33,877 DEBUG com.example.demo.DemoApplication [main] Running with Spring Boot v2.3.4.RELEASE, Spring v5.2.9.RELEASE
2022-01-12 16:33:33,877 INFO com.example.demo.DemoApplication [main] No active profile set, falling back to default profiles: default
2022-01-12 16:33:38,155 INFO com.example.demo.DemoApplication [main] Started DemoApplication in 4.654 seconds (JVM running for 5.398)
2022-01-12 16:34:56,673 INFO com.example.demo.DemoApplication [main] Starting DemoApplication on DESKTOP-9D4CGQC with PID 17144 (C:\project\workspace\demo\target\classes started by sainn in C:\project\workspace\demo)
2022-01-12 16:34:56,677 DEBUG com.example.demo.DemoApplication [main] Running with Spring Boot v2.3.4.RELEASE, Spring v5.2.9.RELEASE
2022-01-12 16:34:56,678 INFO com.example.demo.DemoApplication [main] No active profile set, falling back to default profiles: default
2022-01-12 16:35:00,969 INFO com.example.demo.DemoApplication [main] Started DemoApplication in 4.595 seconds (JVM running for 5.298)
2022-01-12 16:38:05,421 INFO com.example.demo.DemoApplication [main] Starting DemoApplication on DESKTOP-9D4CGQC with PID 37828 (C:\project\workspace\demo\target\classes started by sainn in C:\project\workspace\demo)
2022-01-12 16:38:05,424 DEBUG com.example.demo.DemoApplication [main] Running with Spring Boot v2.3.4.RELEASE, Spring v5.2.9.RELEASE
2022-01-12 16:38:05,424 INFO com.example.demo.DemoApplication [main] No active profile set, falling back to default profiles: default
2022-01-12 16:38:09,624 INFO com.example.demo.DemoApplication [main] Started DemoApplication in 4.491 seconds (JVM running for 5.136)
2022-01-12 18:07:07,902 INFO com.example.demo.DemoApplication [main] Starting DemoApplication on DESKTOP-9D4CGQC with PID 39752 (C:\project\workspace\demo\target\classes started by sainn in C:\project\workspace\demo)
2022-01-12 18:07:07,905 DEBUG com.example.demo.DemoApplication [main] Running with Spring Boot v2.3.4.RELEASE, Spring v5.2.9.RELEASE
2022-01-12 18:07:07,905 INFO com.example.demo.DemoApplication [main] No active profile set, falling back to default profiles: default
2022-01-12 18:07:12,318 INFO com.example.demo.DemoApplication [main] Started DemoApplication in 4.702 seconds (JVM running for 5.371)
2022-01-12 18:10:28,378 INFO com.example.demo.DemoApplication [main] Starting DemoApplication on DESKTOP-9D4CGQC with PID 17360 (C:\project\workspace\demo\target\classes started by sainn in C:\project\workspace\demo)
2022-01-12 18:10:28,381 DEBUG com.example.demo.DemoApplication [main] Running with Spring Boot v2.3.4.RELEASE, Spring v5.2.9.RELEASE
2022-01-12 18:10:28,381 INFO com.example.demo.DemoApplication [main] No active profile set, falling back to default profiles: default
2022-01-12 18:10:32,826 INFO com.example.demo.DemoApplication [main] Started DemoApplication in 4.734 seconds (JVM running for 5.395)
